{"/Users/claymackenthun/Desktop/Y04S01/Software Engineering/project/radar-homework-manager/src/RadarComponent/Radar.js": {"path":"/Users/claymackenthun/Desktop/Y04S01/Software Engineering/project/radar-homework-manager/src/RadarComponent/Radar.js","statementMap":{"0":{"start":{"line":22,"column":2},"end":{"line":22,"column":10}},"1":{"start":{"line":24,"column":14},"end":{"line":35,"column":3}},"2":{"start":{"line":36,"column":2},"end":{"line":36,"column":45}},"3":{"start":{"line":37,"column":2},"end":{"line":37,"column":42}},"4":{"start":{"line":38,"column":2},"end":{"line":38,"column":40}},"5":{"start":{"line":40,"column":2},"end":{"line":40,"column":21}},"6":{"start":{"line":41,"column":2},"end":{"line":41,"column":20}},"7":{"start":{"line":46,"column":14},"end":{"line":46,"column":24}},"8":{"start":{"line":47,"column":8},"end":{"line":53,"column":9}},"9":{"start":{"line":48,"column":9},"end":{"line":48,"column":44}},"10":{"start":{"line":49,"column":12},"end":{"line":49,"column":33}},"11":{"start":{"line":50,"column":12},"end":{"line":50,"column":34}},"12":{"start":{"line":51,"column":12},"end":{"line":51,"column":29}},"13":{"start":{"line":52,"column":12},"end":{"line":52,"column":34}},"14":{"start":{"line":59,"column":2},"end":{"line":60,"column":23}},"15":{"start":{"line":60,"column":3},"end":{"line":60,"column":23}},"16":{"start":{"line":64,"column":2},"end":{"line":64,"column":36}},"17":{"start":{"line":64,"column":19},"end":{"line":64,"column":36}},"18":{"start":{"line":65,"column":2},"end":{"line":65,"column":62}},"19":{"start":{"line":65,"column":29},"end":{"line":65,"column":62}},"20":{"start":{"line":66,"column":2},"end":{"line":71,"column":3}},"21":{"start":{"line":67,"column":3},"end":{"line":70,"column":70}},"22":{"start":{"line":68,"column":4},"end":{"line":68,"column":88}},"23":{"start":{"line":70,"column":4},"end":{"line":70,"column":70}},"24":{"start":{"line":75,"column":2},"end":{"line":76,"column":19}},"25":{"start":{"line":76,"column":3},"end":{"line":76,"column":19}},"26":{"start":{"line":77,"column":2},"end":{"line":78,"column":20}},"27":{"start":{"line":78,"column":3},"end":{"line":78,"column":20}},"28":{"start":{"line":79,"column":2},"end":{"line":80,"column":20}},"29":{"start":{"line":80,"column":3},"end":{"line":80,"column":20}},"30":{"start":{"line":81,"column":2},"end":{"line":82,"column":26}},"31":{"start":{"line":82,"column":3},"end":{"line":82,"column":26}},"32":{"start":{"line":83,"column":2},"end":{"line":84,"column":40}},"33":{"start":{"line":84,"column":3},"end":{"line":84,"column":40}},"34":{"start":{"line":85,"column":2},"end":{"line":86,"column":37}},"35":{"start":{"line":86,"column":3},"end":{"line":86,"column":37}},"36":{"start":{"line":87,"column":2},"end":{"line":88,"column":30}},"37":{"start":{"line":88,"column":3},"end":{"line":88,"column":30}},"38":{"start":{"line":89,"column":2},"end":{"line":93,"column":3}},"39":{"start":{"line":90,"column":15},"end":{"line":90,"column":23}},"40":{"start":{"line":91,"column":13},"end":{"line":91,"column":40}},"41":{"start":{"line":92,"column":3},"end":{"line":92,"column":39}},"42":{"start":{"line":94,"column":2},"end":{"line":95,"column":26}},"43":{"start":{"line":95,"column":3},"end":{"line":95,"column":26}},"44":{"start":{"line":96,"column":2},"end":{"line":97,"column":48}},"45":{"start":{"line":97,"column":3},"end":{"line":97,"column":48}},"46":{"start":{"line":98,"column":2},"end":{"line":99,"column":37}},"47":{"start":{"line":99,"column":3},"end":{"line":99,"column":37}},"48":{"start":{"line":103,"column":2},"end":{"line":103,"column":34}},"49":{"start":{"line":104,"column":2},"end":{"line":104,"column":28}},"50":{"start":{"line":105,"column":2},"end":{"line":105,"column":26}},"51":{"start":{"line":106,"column":2},"end":{"line":106,"column":44}},"52":{"start":{"line":107,"column":2},"end":{"line":107,"column":40}},"53":{"start":{"line":108,"column":2},"end":{"line":108,"column":41}},"54":{"start":{"line":112,"column":14},"end":{"line":112,"column":15}},"55":{"start":{"line":113,"column":19},"end":{"line":113,"column":20}},"56":{"start":{"line":114,"column":13},"end":{"line":114,"column":15}},"57":{"start":{"line":115,"column":2},"end":{"line":123,"column":4}},"58":{"start":{"line":124,"column":2},"end":{"line":127,"column":3}},"59":{"start":{"line":128,"column":2},"end":{"line":131,"column":3}},"60":{"start":{"line":132,"column":2},"end":{"line":135,"column":3}},"61":{"start":{"line":136,"column":2},"end":{"line":138,"column":3}},"62":{"start":{"line":139,"column":2},"end":{"line":139,"column":19}},"63":{"start":{"line":143,"column":2},"end":{"line":143,"column":24}},"64":{"start":{"line":144,"column":2},"end":{"line":144,"column":19}},"65":{"start":{"line":145,"column":2},"end":{"line":145,"column":24}},"66":{"start":{"line":146,"column":2},"end":{"line":153,"column":3}},"67":{"start":{"line":147,"column":3},"end":{"line":152,"column":6}},"68":{"start":{"line":158,"column":17},"end":{"line":158,"column":62}},"69":{"start":{"line":159,"column":15},"end":{"line":159,"column":62}},"70":{"start":{"line":161,"column":24},"end":{"line":161,"column":64}},"71":{"start":{"line":163,"column":13},"end":{"line":168,"column":16}},"72":{"start":{"line":169,"column":5},"end":{"line":169,"column":14}},"73":{"start":{"line":175,"column":2},"end":{"line":181,"column":3}},"74":{"start":{"line":176,"column":3},"end":{"line":176,"column":17}},"75":{"start":{"line":177,"column":9},"end":{"line":181,"column":3}},"76":{"start":{"line":178,"column":3},"end":{"line":178,"column":17}},"77":{"start":{"line":180,"column":3},"end":{"line":180,"column":17}},"78":{"start":{"line":182,"column":14},"end":{"line":182,"column":44}},"79":{"start":{"line":183,"column":15},"end":{"line":183,"column":16}},"80":{"start":{"line":185,"column":17},"end":{"line":185,"column":51}},"81":{"start":{"line":186,"column":17},"end":{"line":186,"column":59}},"82":{"start":{"line":188,"column":5},"end":{"line":191,"column":23}},"83":{"start":{"line":189,"column":6},"end":{"line":189,"column":50}},"84":{"start":{"line":190,"column":10},"end":{"line":191,"column":23}},"85":{"start":{"line":191,"column":6},"end":{"line":191,"column":23}},"86":{"start":{"line":192,"column":5},"end":{"line":195,"column":24}},"87":{"start":{"line":193,"column":6},"end":{"line":193,"column":51}},"88":{"start":{"line":194,"column":10},"end":{"line":195,"column":24}},"89":{"start":{"line":195,"column":6},"end":{"line":195,"column":24}},"90":{"start":{"line":197,"column":2},"end":{"line":197,"column":186}},"91":{"start":{"line":197,"column":55},"end":{"line":197,"column":80}},"92":{"start":{"line":201,"column":2},"end":{"line":201,"column":71}},"93":{"start":{"line":207,"column":2},"end":{"line":207,"column":27}},"94":{"start":{"line":207,"column":18},"end":{"line":207,"column":27}},"95":{"start":{"line":208,"column":13},"end":{"line":208,"column":31}},"96":{"start":{"line":209,"column":2},"end":{"line":209,"column":21}},"97":{"start":{"line":209,"column":12},"end":{"line":209,"column":21}},"98":{"start":{"line":211,"column":16},"end":{"line":211,"column":45}},"99":{"start":{"line":212,"column":19},"end":{"line":212,"column":55}},"100":{"start":{"line":213,"column":2},"end":{"line":213,"column":29}},"101":{"start":{"line":213,"column":19},"end":{"line":213,"column":29}},"102":{"start":{"line":214,"column":2},"end":{"line":214,"column":28}},"103":{"start":{"line":214,"column":18},"end":{"line":214,"column":28}},"104":{"start":{"line":215,"column":17},"end":{"line":215,"column":100}},"105":{"start":{"line":216,"column":2},"end":{"line":216,"column":18}},"106":{"start":{"line":220,"column":13},"end":{"line":220,"column":49}},"107":{"start":{"line":221,"column":12},"end":{"line":221,"column":46}},"108":{"start":{"line":222,"column":15},"end":{"line":222,"column":29}},"109":{"start":{"line":223,"column":2},"end":{"line":223,"column":39}},"110":{"start":{"line":228,"column":14},"end":{"line":228,"column":35}},"111":{"start":{"line":229,"column":20},"end":{"line":229,"column":93}},"112":{"start":{"line":230,"column":13},"end":{"line":230,"column":15}},"113":{"start":{"line":231,"column":2},"end":{"line":239,"column":4}},"114":{"start":{"line":240,"column":2},"end":{"line":243,"column":3}},"115":{"start":{"line":244,"column":2},"end":{"line":247,"column":3}},"116":{"start":{"line":248,"column":2},"end":{"line":251,"column":3}},"117":{"start":{"line":252,"column":2},"end":{"line":254,"column":3}},"118":{"start":{"line":255,"column":2},"end":{"line":255,"column":19}},"119":{"start":{"line":259,"column":24},"end":{"line":259,"column":26}},"120":{"start":{"line":260,"column":20},"end":{"line":260,"column":22}},"121":{"start":{"line":261,"column":18},"end":{"line":261,"column":44}},"122":{"start":{"line":262,"column":15},"end":{"line":262,"column":16}},"123":{"start":{"line":263,"column":14},"end":{"line":263,"column":27}},"124":{"start":{"line":264,"column":2},"end":{"line":264,"column":33}},"125":{"start":{"line":264,"column":20},"end":{"line":264,"column":33}},"126":{"start":{"line":266,"column":2},"end":{"line":268,"column":3}},"127":{"start":{"line":267,"column":3},"end":{"line":267,"column":132}},"128":{"start":{"line":269,"column":2},"end":{"line":278,"column":3}},"129":{"start":{"line":270,"column":3},"end":{"line":277,"column":4}},"130":{"start":{"line":271,"column":4},"end":{"line":271,"column":234}},"131":{"start":{"line":272,"column":4},"end":{"line":272,"column":170}},"132":{"start":{"line":273,"column":10},"end":{"line":277,"column":4}},"133":{"start":{"line":274,"column":4},"end":{"line":274,"column":158}},"134":{"start":{"line":275,"column":4},"end":{"line":275,"column":140}},"135":{"start":{"line":279,"column":14},"end":{"line":279,"column":24}},"136":{"start":{"line":280,"column":2},"end":{"line":280,"column":34}},"137":{"start":{"line":281,"column":2},"end":{"line":281,"column":42}},"138":{"start":{"line":282,"column":2},"end":{"line":282,"column":23}},"139":{"start":{"line":286,"column":14},"end":{"line":286,"column":16}},"140":{"start":{"line":287,"column":13},"end":{"line":287,"column":104}},"141":{"start":{"line":289,"column":2},"end":{"line":292,"column":3}},"142":{"start":{"line":290,"column":16},"end":{"line":290,"column":46}},"143":{"start":{"line":291,"column":3},"end":{"line":291,"column":144}},"144":{"start":{"line":293,"column":14},"end":{"line":293,"column":24}},"145":{"start":{"line":294,"column":2},"end":{"line":294,"column":22}},"146":{"start":{"line":295,"column":2},"end":{"line":295,"column":23}},"147":{"start":{"line":298,"column":22},"end":{"line":298,"column":44}},"148":{"start":{"line":301,"column":14},"end":{"line":301,"column":40}},"149":{"start":{"line":302,"column":2},"end":{"line":302,"column":46}},"150":{"start":{"line":305,"column":21},"end":{"line":305,"column":52}},"151":{"start":{"line":308,"column":2},"end":{"line":308,"column":33}},"152":{"start":{"line":309,"column":2},"end":{"line":319,"column":3}},"153":{"start":{"line":310,"column":17},"end":{"line":310,"column":35}},"154":{"start":{"line":311,"column":3},"end":{"line":311,"column":39}},"155":{"start":{"line":312,"column":3},"end":{"line":312,"column":35}},"156":{"start":{"line":313,"column":3},"end":{"line":313,"column":35}},"157":{"start":{"line":315,"column":17},"end":{"line":315,"column":35}},"158":{"start":{"line":316,"column":3},"end":{"line":316,"column":37}},"159":{"start":{"line":317,"column":3},"end":{"line":317,"column":34}},"160":{"start":{"line":318,"column":3},"end":{"line":318,"column":35}},"161":{"start":{"line":323,"column":16},"end":{"line":323,"column":34}},"162":{"start":{"line":324,"column":2},"end":{"line":329,"column":3}},"163":{"start":{"line":325,"column":3},"end":{"line":325,"column":29}},"164":{"start":{"line":326,"column":3},"end":{"line":326,"column":22}},"165":{"start":{"line":328,"column":3},"end":{"line":328,"column":23}},"166":{"start":{"line":330,"column":2},"end":{"line":330,"column":34}},"167":{"start":{"line":334,"column":16},"end":{"line":334,"column":34}},"168":{"start":{"line":335,"column":2},"end":{"line":335,"column":38}},"169":{"start":{"line":336,"column":2},"end":{"line":336,"column":60}},"170":{"start":{"line":337,"column":2},"end":{"line":337,"column":34}},"171":{"start":{"line":341,"column":16},"end":{"line":341,"column":34}},"172":{"start":{"line":342,"column":2},"end":{"line":342,"column":33}},"173":{"start":{"line":343,"column":2},"end":{"line":343,"column":61}},"174":{"start":{"line":344,"column":2},"end":{"line":344,"column":34}},"175":{"start":{"line":348,"column":2},"end":{"line":353,"column":3}},"176":{"start":{"line":349,"column":3},"end":{"line":349,"column":23}},"177":{"start":{"line":350,"column":3},"end":{"line":350,"column":28}},"178":{"start":{"line":352,"column":3},"end":{"line":352,"column":29}},"179":{"start":{"line":357,"column":16},"end":{"line":357,"column":34}},"180":{"start":{"line":358,"column":2},"end":{"line":358,"column":41}},"181":{"start":{"line":359,"column":2},"end":{"line":359,"column":66}},"182":{"start":{"line":360,"column":2},"end":{"line":360,"column":34}},"183":{"start":{"line":364,"column":16},"end":{"line":364,"column":34}},"184":{"start":{"line":365,"column":2},"end":{"line":365,"column":36}},"185":{"start":{"line":366,"column":2},"end":{"line":366,"column":67}},"186":{"start":{"line":367,"column":2},"end":{"line":367,"column":34}},"187":{"start":{"line":372,"column":23},"end":{"line":372,"column":25}},"188":{"start":{"line":374,"column":2},"end":{"line":380,"column":4}},"189":{"start":{"line":377,"column":4},"end":{"line":377,"column":48}},"190":{"start":{"line":378,"column":4},"end":{"line":378,"column":50}},"191":{"start":{"line":384,"column":4},"end":{"line":410,"column":5}},"192":{"start":{"line":406,"column":91},"end":{"line":406,"column":123}},"193":{"start":{"line":414,"column":0},"end":{"line":418,"column":1}}},"fnMap":{"0":{"name":"(anonymous_0)","decl":{"start":{"line":21,"column":1},"end":{"line":21,"column":2}},"loc":{"start":{"line":21,"column":20},"end":{"line":42,"column":2}},"line":21},"1":{"name":"(anonymous_1)","decl":{"start":{"line":45,"column":1},"end":{"line":45,"column":2}},"loc":{"start":{"line":45,"column":37},"end":{"line":56,"column":5}},"line":45},"2":{"name":"(anonymous_2)","decl":{"start":{"line":58,"column":1},"end":{"line":58,"column":2}},"loc":{"start":{"line":58,"column":39},"end":{"line":61,"column":2}},"line":58},"3":{"name":"(anonymous_3)","decl":{"start":{"line":63,"column":1},"end":{"line":63,"column":2}},"loc":{"start":{"line":63,"column":36},"end":{"line":72,"column":2}},"line":63},"4":{"name":"(anonymous_4)","decl":{"start":{"line":74,"column":1},"end":{"line":74,"column":2}},"loc":{"start":{"line":74,"column":35},"end":{"line":100,"column":2}},"line":74},"5":{"name":"(anonymous_5)","decl":{"start":{"line":102,"column":1},"end":{"line":102,"column":2}},"loc":{"start":{"line":102,"column":27},"end":{"line":109,"column":2}},"line":102},"6":{"name":"(anonymous_6)","decl":{"start":{"line":111,"column":1},"end":{"line":111,"column":2}},"loc":{"start":{"line":111,"column":14},"end":{"line":140,"column":2}},"line":111},"7":{"name":"(anonymous_7)","decl":{"start":{"line":142,"column":1},"end":{"line":142,"column":2}},"loc":{"start":{"line":142,"column":21},"end":{"line":154,"column":2}},"line":142},"8":{"name":"(anonymous_8)","decl":{"start":{"line":156,"column":1},"end":{"line":156,"column":2}},"loc":{"start":{"line":156,"column":51},"end":{"line":171,"column":2}},"line":156},"9":{"name":"(anonymous_9)","decl":{"start":{"line":173,"column":1},"end":{"line":173,"column":2}},"loc":{"start":{"line":173,"column":56},"end":{"line":198,"column":2}},"line":173},"10":{"name":"(anonymous_10)","decl":{"start":{"line":197,"column":48},"end":{"line":197,"column":49}},"loc":{"start":{"line":197,"column":54},"end":{"line":197,"column":81}},"line":197},"11":{"name":"(anonymous_11)","decl":{"start":{"line":200,"column":1},"end":{"line":200,"column":2}},"loc":{"start":{"line":200,"column":22},"end":{"line":204,"column":2}},"line":200},"12":{"name":"(anonymous_12)","decl":{"start":{"line":206,"column":1},"end":{"line":206,"column":2}},"loc":{"start":{"line":206,"column":35},"end":{"line":217,"column":2}},"line":206},"13":{"name":"(anonymous_13)","decl":{"start":{"line":219,"column":1},"end":{"line":219,"column":2}},"loc":{"start":{"line":219,"column":26},"end":{"line":224,"column":2}},"line":219},"14":{"name":"(anonymous_14)","decl":{"start":{"line":227,"column":1},"end":{"line":227,"column":2}},"loc":{"start":{"line":227,"column":18},"end":{"line":256,"column":2}},"line":227},"15":{"name":"(anonymous_15)","decl":{"start":{"line":258,"column":1},"end":{"line":258,"column":2}},"loc":{"start":{"line":258,"column":18},"end":{"line":283,"column":2}},"line":258},"16":{"name":"(anonymous_16)","decl":{"start":{"line":285,"column":1},"end":{"line":285,"column":2}},"loc":{"start":{"line":285,"column":13},"end":{"line":296,"column":2}},"line":285},"17":{"name":"(anonymous_17)","decl":{"start":{"line":298,"column":1},"end":{"line":298,"column":2}},"loc":{"start":{"line":298,"column":21},"end":{"line":298,"column":45}},"line":298},"18":{"name":"(anonymous_18)","decl":{"start":{"line":300,"column":1},"end":{"line":300,"column":2}},"loc":{"start":{"line":300,"column":24},"end":{"line":303,"column":2}},"line":300},"19":{"name":"(anonymous_19)","decl":{"start":{"line":305,"column":1},"end":{"line":305,"column":2}},"loc":{"start":{"line":305,"column":20},"end":{"line":305,"column":53}},"line":305},"20":{"name":"(anonymous_20)","decl":{"start":{"line":307,"column":1},"end":{"line":307,"column":2}},"loc":{"start":{"line":307,"column":20},"end":{"line":320,"column":2}},"line":307},"21":{"name":"(anonymous_21)","decl":{"start":{"line":322,"column":1},"end":{"line":322,"column":2}},"loc":{"start":{"line":322,"column":18},"end":{"line":331,"column":2}},"line":322},"22":{"name":"(anonymous_22)","decl":{"start":{"line":333,"column":1},"end":{"line":333,"column":2}},"loc":{"start":{"line":333,"column":15},"end":{"line":338,"column":2}},"line":333},"23":{"name":"(anonymous_23)","decl":{"start":{"line":340,"column":1},"end":{"line":340,"column":2}},"loc":{"start":{"line":340,"column":16},"end":{"line":345,"column":2}},"line":340},"24":{"name":"(anonymous_24)","decl":{"start":{"line":347,"column":1},"end":{"line":347,"column":2}},"loc":{"start":{"line":347,"column":22},"end":{"line":354,"column":2}},"line":347},"25":{"name":"(anonymous_25)","decl":{"start":{"line":356,"column":1},"end":{"line":356,"column":2}},"loc":{"start":{"line":356,"column":21},"end":{"line":361,"column":2}},"line":356},"26":{"name":"(anonymous_26)","decl":{"start":{"line":363,"column":1},"end":{"line":363,"column":2}},"loc":{"start":{"line":363,"column":22},"end":{"line":368,"column":2}},"line":363},"27":{"name":"(anonymous_27)","decl":{"start":{"line":370,"column":1},"end":{"line":370,"column":2}},"loc":{"start":{"line":370,"column":10},"end":{"line":411,"column":3}},"line":370},"28":{"name":"(anonymous_28)","decl":{"start":{"line":376,"column":8},"end":{"line":376,"column":9}},"loc":{"start":{"line":376,"column":15},"end":{"line":379,"column":4}},"line":376},"29":{"name":"(anonymous_29)","decl":{"start":{"line":406,"column":84},"end":{"line":406,"column":85}},"loc":{"start":{"line":406,"column":90},"end":{"line":406,"column":124}},"line":406}},"branchMap":{"0":{"loc":{"start":{"line":47,"column":8},"end":{"line":53,"column":9}},"type":"if","locations":[{"start":{"line":47,"column":8},"end":{"line":53,"column":9}},{"start":{"line":47,"column":8},"end":{"line":53,"column":9}}],"line":47},"1":{"loc":{"start":{"line":59,"column":2},"end":{"line":60,"column":23}},"type":"if","locations":[{"start":{"line":59,"column":2},"end":{"line":60,"column":23}},{"start":{"line":59,"column":2},"end":{"line":60,"column":23}}],"line":59},"2":{"loc":{"start":{"line":64,"column":2},"end":{"line":64,"column":36}},"type":"if","locations":[{"start":{"line":64,"column":2},"end":{"line":64,"column":36}},{"start":{"line":64,"column":2},"end":{"line":64,"column":36}}],"line":64},"3":{"loc":{"start":{"line":65,"column":2},"end":{"line":65,"column":62}},"type":"if","locations":[{"start":{"line":65,"column":2},"end":{"line":65,"column":62}},{"start":{"line":65,"column":2},"end":{"line":65,"column":62}}],"line":65},"4":{"loc":{"start":{"line":66,"column":2},"end":{"line":71,"column":3}},"type":"if","locations":[{"start":{"line":66,"column":2},"end":{"line":71,"column":3}},{"start":{"line":66,"column":2},"end":{"line":71,"column":3}}],"line":66},"5":{"loc":{"start":{"line":67,"column":3},"end":{"line":70,"column":70}},"type":"if","locations":[{"start":{"line":67,"column":3},"end":{"line":70,"column":70}},{"start":{"line":67,"column":3},"end":{"line":70,"column":70}}],"line":67},"6":{"loc":{"start":{"line":67,"column":6},"end":{"line":67,"column":41}},"type":"binary-expr","locations":[{"start":{"line":67,"column":6},"end":{"line":67,"column":16}},{"start":{"line":67,"column":20},"end":{"line":67,"column":41}}],"line":67},"7":{"loc":{"start":{"line":75,"column":2},"end":{"line":76,"column":19}},"type":"if","locations":[{"start":{"line":75,"column":2},"end":{"line":76,"column":19}},{"start":{"line":75,"column":2},"end":{"line":76,"column":19}}],"line":75},"8":{"loc":{"start":{"line":77,"column":2},"end":{"line":78,"column":20}},"type":"if","locations":[{"start":{"line":77,"column":2},"end":{"line":78,"column":20}},{"start":{"line":77,"column":2},"end":{"line":78,"column":20}}],"line":77},"9":{"loc":{"start":{"line":79,"column":2},"end":{"line":80,"column":20}},"type":"if","locations":[{"start":{"line":79,"column":2},"end":{"line":80,"column":20}},{"start":{"line":79,"column":2},"end":{"line":80,"column":20}}],"line":79},"10":{"loc":{"start":{"line":81,"column":2},"end":{"line":82,"column":26}},"type":"if","locations":[{"start":{"line":81,"column":2},"end":{"line":82,"column":26}},{"start":{"line":81,"column":2},"end":{"line":82,"column":26}}],"line":81},"11":{"loc":{"start":{"line":83,"column":2},"end":{"line":84,"column":40}},"type":"if","locations":[{"start":{"line":83,"column":2},"end":{"line":84,"column":40}},{"start":{"line":83,"column":2},"end":{"line":84,"column":40}}],"line":83},"12":{"loc":{"start":{"line":85,"column":2},"end":{"line":86,"column":37}},"type":"if","locations":[{"start":{"line":85,"column":2},"end":{"line":86,"column":37}},{"start":{"line":85,"column":2},"end":{"line":86,"column":37}}],"line":85},"13":{"loc":{"start":{"line":87,"column":2},"end":{"line":88,"column":30}},"type":"if","locations":[{"start":{"line":87,"column":2},"end":{"line":88,"column":30}},{"start":{"line":87,"column":2},"end":{"line":88,"column":30}}],"line":87},"14":{"loc":{"start":{"line":89,"column":2},"end":{"line":93,"column":3}},"type":"if","locations":[{"start":{"line":89,"column":2},"end":{"line":93,"column":3}},{"start":{"line":89,"column":2},"end":{"line":93,"column":3}}],"line":89},"15":{"loc":{"start":{"line":94,"column":2},"end":{"line":95,"column":26}},"type":"if","locations":[{"start":{"line":94,"column":2},"end":{"line":95,"column":26}},{"start":{"line":94,"column":2},"end":{"line":95,"column":26}}],"line":94},"16":{"loc":{"start":{"line":96,"column":2},"end":{"line":97,"column":48}},"type":"if","locations":[{"start":{"line":96,"column":2},"end":{"line":97,"column":48}},{"start":{"line":96,"column":2},"end":{"line":97,"column":48}}],"line":96},"17":{"loc":{"start":{"line":98,"column":2},"end":{"line":99,"column":37}},"type":"if","locations":[{"start":{"line":98,"column":2},"end":{"line":99,"column":37}},{"start":{"line":98,"column":2},"end":{"line":99,"column":37}}],"line":98},"18":{"loc":{"start":{"line":146,"column":2},"end":{"line":153,"column":3}},"type":"if","locations":[{"start":{"line":146,"column":2},"end":{"line":153,"column":3}},{"start":{"line":146,"column":2},"end":{"line":153,"column":3}}],"line":146},"19":{"loc":{"start":{"line":161,"column":24},"end":{"line":161,"column":64}},"type":"cond-expr","locations":[{"start":{"line":161,"column":55},"end":{"line":161,"column":58}},{"start":{"line":161,"column":61},"end":{"line":161,"column":64}}],"line":161},"20":{"loc":{"start":{"line":175,"column":2},"end":{"line":181,"column":3}},"type":"if","locations":[{"start":{"line":175,"column":2},"end":{"line":181,"column":3}},{"start":{"line":175,"column":2},"end":{"line":181,"column":3}}],"line":175},"21":{"loc":{"start":{"line":177,"column":9},"end":{"line":181,"column":3}},"type":"if","locations":[{"start":{"line":177,"column":9},"end":{"line":181,"column":3}},{"start":{"line":177,"column":9},"end":{"line":181,"column":3}}],"line":177},"22":{"loc":{"start":{"line":188,"column":5},"end":{"line":191,"column":23}},"type":"if","locations":[{"start":{"line":188,"column":5},"end":{"line":191,"column":23}},{"start":{"line":188,"column":5},"end":{"line":191,"column":23}}],"line":188},"23":{"loc":{"start":{"line":190,"column":10},"end":{"line":191,"column":23}},"type":"if","locations":[{"start":{"line":190,"column":10},"end":{"line":191,"column":23}},{"start":{"line":190,"column":10},"end":{"line":191,"column":23}}],"line":190},"24":{"loc":{"start":{"line":192,"column":5},"end":{"line":195,"column":24}},"type":"if","locations":[{"start":{"line":192,"column":5},"end":{"line":195,"column":24}},{"start":{"line":192,"column":5},"end":{"line":195,"column":24}}],"line":192},"25":{"loc":{"start":{"line":194,"column":10},"end":{"line":195,"column":24}},"type":"if","locations":[{"start":{"line":194,"column":10},"end":{"line":195,"column":24}},{"start":{"line":194,"column":10},"end":{"line":195,"column":24}}],"line":194},"26":{"loc":{"start":{"line":207,"column":2},"end":{"line":207,"column":27}},"type":"if","locations":[{"start":{"line":207,"column":2},"end":{"line":207,"column":27}},{"start":{"line":207,"column":2},"end":{"line":207,"column":27}}],"line":207},"27":{"loc":{"start":{"line":209,"column":2},"end":{"line":209,"column":21}},"type":"if","locations":[{"start":{"line":209,"column":2},"end":{"line":209,"column":21}},{"start":{"line":209,"column":2},"end":{"line":209,"column":21}}],"line":209},"28":{"loc":{"start":{"line":213,"column":2},"end":{"line":213,"column":29}},"type":"if","locations":[{"start":{"line":213,"column":2},"end":{"line":213,"column":29}},{"start":{"line":213,"column":2},"end":{"line":213,"column":29}}],"line":213},"29":{"loc":{"start":{"line":214,"column":2},"end":{"line":214,"column":28}},"type":"if","locations":[{"start":{"line":214,"column":2},"end":{"line":214,"column":28}},{"start":{"line":214,"column":2},"end":{"line":214,"column":28}}],"line":214},"30":{"loc":{"start":{"line":229,"column":20},"end":{"line":229,"column":93}},"type":"cond-expr","locations":[{"start":{"line":229,"column":55},"end":{"line":229,"column":87}},{"start":{"line":229,"column":90},"end":{"line":229,"column":93}}],"line":229},"31":{"loc":{"start":{"line":264,"column":2},"end":{"line":264,"column":33}},"type":"if","locations":[{"start":{"line":264,"column":2},"end":{"line":264,"column":33}},{"start":{"line":264,"column":2},"end":{"line":264,"column":33}}],"line":264},"32":{"loc":{"start":{"line":266,"column":2},"end":{"line":268,"column":3}},"type":"if","locations":[{"start":{"line":266,"column":2},"end":{"line":268,"column":3}},{"start":{"line":266,"column":2},"end":{"line":268,"column":3}}],"line":266},"33":{"loc":{"start":{"line":270,"column":3},"end":{"line":277,"column":4}},"type":"if","locations":[{"start":{"line":270,"column":3},"end":{"line":277,"column":4}},{"start":{"line":270,"column":3},"end":{"line":277,"column":4}}],"line":270},"34":{"loc":{"start":{"line":273,"column":10},"end":{"line":277,"column":4}},"type":"if","locations":[{"start":{"line":273,"column":10},"end":{"line":277,"column":4}},{"start":{"line":273,"column":10},"end":{"line":277,"column":4}}],"line":273},"35":{"loc":{"start":{"line":309,"column":2},"end":{"line":319,"column":3}},"type":"if","locations":[{"start":{"line":309,"column":2},"end":{"line":319,"column":3}},{"start":{"line":309,"column":2},"end":{"line":319,"column":3}}],"line":309},"36":{"loc":{"start":{"line":324,"column":2},"end":{"line":329,"column":3}},"type":"if","locations":[{"start":{"line":324,"column":2},"end":{"line":329,"column":3}},{"start":{"line":324,"column":2},"end":{"line":329,"column":3}}],"line":324},"37":{"loc":{"start":{"line":348,"column":2},"end":{"line":353,"column":3}},"type":"if","locations":[{"start":{"line":348,"column":2},"end":{"line":353,"column":3}},{"start":{"line":348,"column":2},"end":{"line":353,"column":3}}],"line":348}},"s":{"0":2,"1":2,"2":2,"3":2,"4":2,"5":2,"6":2,"7":0,"8":0,"9":0,"10":0,"11":0,"12":0,"13":0,"14":2,"15":0,"16":2,"17":1,"18":2,"19":1,"20":2,"21":1,"22":0,"23":1,"24":2,"25":0,"26":2,"27":1,"28":2,"29":1,"30":2,"31":1,"32":2,"33":1,"34":2,"35":1,"36":2,"37":1,"38":2,"39":1,"40":1,"41":1,"42":2,"43":1,"44":2,"45":1,"46":2,"47":1,"48":0,"49":0,"50":0,"51":0,"52":0,"53":0,"54":2,"55":2,"56":2,"57":2,"58":2,"59":2,"60":2,"61":2,"62":2,"63":2,"64":2,"65":2,"66":2,"67":0,"68":2,"69":2,"70":2,"71":2,"72":2,"73":2,"74":2,"75":0,"76":0,"77":0,"78":2,"79":2,"80":2,"81":2,"82":2,"83":0,"84":2,"85":1,"86":2,"87":2,"88":0,"89":0,"90":2,"91":0,"92":0,"93":0,"94":0,"95":0,"96":0,"97":0,"98":0,"99":0,"100":0,"101":0,"102":0,"103":0,"104":0,"105":0,"106":2,"107":2,"108":2,"109":2,"110":2,"111":2,"112":2,"113":2,"114":2,"115":2,"116":2,"117":2,"118":2,"119":2,"120":2,"121":2,"122":2,"123":2,"124":2,"125":0,"126":2,"127":1,"128":2,"129":2,"130":2,"131":2,"132":0,"133":0,"134":0,"135":2,"136":2,"137":2,"138":2,"139":2,"140":2,"141":2,"142":604,"143":604,"144":2,"145":2,"146":2,"147":0,"148":0,"149":0,"150":0,"151":0,"152":0,"153":0,"154":0,"155":0,"156":0,"157":0,"158":0,"159":0,"160":0,"161":0,"162":0,"163":0,"164":0,"165":0,"166":0,"167":0,"168":0,"169":0,"170":0,"171":0,"172":0,"173":0,"174":0,"175":0,"176":0,"177":0,"178":0,"179":0,"180":0,"181":0,"182":0,"183":0,"184":0,"185":0,"186":0,"187":6,"188":6,"189":0,"190":0,"191":6,"192":0,"193":2},"f":{"0":2,"1":0,"2":2,"3":2,"4":2,"5":0,"6":2,"7":2,"8":2,"9":2,"10":0,"11":0,"12":0,"13":2,"14":2,"15":2,"16":2,"17":0,"18":0,"19":0,"20":0,"21":0,"22":0,"23":0,"24":0,"25":0,"26":0,"27":6,"28":0,"29":0},"b":{"0":[0,0],"1":[0,2],"2":[1,1],"3":[1,1],"4":[1,1],"5":[0,1],"6":[1,1],"7":[0,2],"8":[1,1],"9":[1,1],"10":[1,1],"11":[1,1],"12":[1,1],"13":[1,1],"14":[1,1],"15":[1,1],"16":[1,1],"17":[1,1],"18":[0,2],"19":[2,0],"20":[2,0],"21":[0,0],"22":[0,2],"23":[1,1],"24":[2,0],"25":[0,0],"26":[0,0],"27":[0,0],"28":[0,0],"29":[0,0],"30":[2,0],"31":[0,2],"32":[1,1],"33":[2,0],"34":[0,0],"35":[0,0],"36":[0,0],"37":[0,0]},"_coverageSchema":"332fd63041d2c1bcb487cc26dd0d5f7d97098a6c","hash":"e3c46f6a5dd0ac1a4b52b6f7c4fb2de08fcb78f7"}
}
