TN:
SF:/Users/claymackenthun/Desktop/Y04S01/Software Engineering/project/radar-homework-manager/src/RadarComponent/Radar.js
FN:21,(anonymous_0)
FN:45,(anonymous_1)
FN:58,(anonymous_2)
FN:63,(anonymous_3)
FN:74,(anonymous_4)
FN:102,(anonymous_5)
FN:111,(anonymous_6)
FN:142,(anonymous_7)
FN:156,(anonymous_8)
FN:173,(anonymous_9)
FN:197,(anonymous_10)
FN:200,(anonymous_11)
FN:206,(anonymous_12)
FN:219,(anonymous_13)
FN:227,(anonymous_14)
FN:258,(anonymous_15)
FN:285,(anonymous_16)
FN:298,(anonymous_17)
FN:300,(anonymous_18)
FN:305,(anonymous_19)
FN:307,(anonymous_20)
FN:322,(anonymous_21)
FN:333,(anonymous_22)
FN:340,(anonymous_23)
FN:347,(anonymous_24)
FN:356,(anonymous_25)
FN:363,(anonymous_26)
FN:370,(anonymous_27)
FN:376,(anonymous_28)
FN:406,(anonymous_29)
FNF:30
FNH:13
FNDA:2,(anonymous_0)
FNDA:0,(anonymous_1)
FNDA:2,(anonymous_2)
FNDA:2,(anonymous_3)
FNDA:2,(anonymous_4)
FNDA:0,(anonymous_5)
FNDA:2,(anonymous_6)
FNDA:2,(anonymous_7)
FNDA:2,(anonymous_8)
FNDA:2,(anonymous_9)
FNDA:0,(anonymous_10)
FNDA:0,(anonymous_11)
FNDA:0,(anonymous_12)
FNDA:2,(anonymous_13)
FNDA:2,(anonymous_14)
FNDA:2,(anonymous_15)
FNDA:2,(anonymous_16)
FNDA:0,(anonymous_17)
FNDA:0,(anonymous_18)
FNDA:0,(anonymous_19)
FNDA:0,(anonymous_20)
FNDA:0,(anonymous_21)
FNDA:0,(anonymous_22)
FNDA:0,(anonymous_23)
FNDA:0,(anonymous_24)
FNDA:0,(anonymous_25)
FNDA:0,(anonymous_26)
FNDA:6,(anonymous_27)
FNDA:0,(anonymous_28)
FNDA:0,(anonymous_29)
DA:22,2
DA:24,2
DA:36,2
DA:37,2
DA:38,2
DA:40,2
DA:41,2
DA:46,0
DA:47,0
DA:48,0
DA:49,0
DA:50,0
DA:51,0
DA:52,0
DA:59,2
DA:60,0
DA:64,2
DA:65,2
DA:66,2
DA:67,1
DA:68,0
DA:70,1
DA:75,2
DA:76,0
DA:77,2
DA:78,1
DA:79,2
DA:80,1
DA:81,2
DA:82,1
DA:83,2
DA:84,1
DA:85,2
DA:86,1
DA:87,2
DA:88,1
DA:89,2
DA:90,1
DA:91,1
DA:92,1
DA:94,2
DA:95,1
DA:96,2
DA:97,1
DA:98,2
DA:99,1
DA:103,0
DA:104,0
DA:105,0
DA:106,0
DA:107,0
DA:108,0
DA:112,2
DA:113,2
DA:114,2
DA:115,2
DA:124,2
DA:128,2
DA:132,2
DA:136,2
DA:139,2
DA:143,2
DA:144,2
DA:145,2
DA:146,2
DA:147,0
DA:158,2
DA:159,2
DA:161,2
DA:163,2
DA:169,2
DA:175,2
DA:176,2
DA:177,0
DA:178,0
DA:180,0
DA:182,2
DA:183,2
DA:185,2
DA:186,2
DA:188,2
DA:189,0
DA:190,2
DA:191,1
DA:192,2
DA:193,2
DA:194,0
DA:195,0
DA:197,2
DA:201,0
DA:207,0
DA:208,0
DA:209,0
DA:211,0
DA:212,0
DA:213,0
DA:214,0
DA:215,0
DA:216,0
DA:220,2
DA:221,2
DA:222,2
DA:223,2
DA:228,2
DA:229,2
DA:230,2
DA:231,2
DA:240,2
DA:244,2
DA:248,2
DA:252,2
DA:255,2
DA:259,2
DA:260,2
DA:261,2
DA:262,2
DA:263,2
DA:264,2
DA:266,2
DA:267,1
DA:269,2
DA:270,2
DA:271,2
DA:272,2
DA:273,0
DA:274,0
DA:275,0
DA:279,2
DA:280,2
DA:281,2
DA:282,2
DA:286,2
DA:287,2
DA:289,2
DA:290,604
DA:291,604
DA:293,2
DA:294,2
DA:295,2
DA:298,0
DA:301,0
DA:302,0
DA:305,0
DA:308,0
DA:309,0
DA:310,0
DA:311,0
DA:312,0
DA:313,0
DA:315,0
DA:316,0
DA:317,0
DA:318,0
DA:323,0
DA:324,0
DA:325,0
DA:326,0
DA:328,0
DA:330,0
DA:334,0
DA:335,0
DA:336,0
DA:337,0
DA:341,0
DA:342,0
DA:343,0
DA:344,0
DA:348,0
DA:349,0
DA:350,0
DA:352,0
DA:357,0
DA:358,0
DA:359,0
DA:360,0
DA:364,0
DA:365,0
DA:366,0
DA:367,0
DA:372,6
DA:374,6
DA:377,0
DA:378,0
DA:384,6
DA:406,0
DA:414,2
LF:186
LH:107
BRDA:47,0,0,0
BRDA:47,0,1,0
BRDA:59,1,0,0
BRDA:59,1,1,2
BRDA:64,2,0,1
BRDA:64,2,1,1
BRDA:65,3,0,1
BRDA:65,3,1,1
BRDA:66,4,0,1
BRDA:66,4,1,1
BRDA:67,5,0,0
BRDA:67,5,1,1
BRDA:67,6,0,1
BRDA:67,6,1,1
BRDA:75,7,0,0
BRDA:75,7,1,2
BRDA:77,8,0,1
BRDA:77,8,1,1
BRDA:79,9,0,1
BRDA:79,9,1,1
BRDA:81,10,0,1
BRDA:81,10,1,1
BRDA:83,11,0,1
BRDA:83,11,1,1
BRDA:85,12,0,1
BRDA:85,12,1,1
BRDA:87,13,0,1
BRDA:87,13,1,1
BRDA:89,14,0,1
BRDA:89,14,1,1
BRDA:94,15,0,1
BRDA:94,15,1,1
BRDA:96,16,0,1
BRDA:96,16,1,1
BRDA:98,17,0,1
BRDA:98,17,1,1
BRDA:146,18,0,0
BRDA:146,18,1,2
BRDA:161,19,0,2
BRDA:161,19,1,0
BRDA:175,20,0,2
BRDA:175,20,1,0
BRDA:177,21,0,0
BRDA:177,21,1,0
BRDA:188,22,0,0
BRDA:188,22,1,2
BRDA:190,23,0,1
BRDA:190,23,1,1
BRDA:192,24,0,2
BRDA:192,24,1,0
BRDA:194,25,0,0
BRDA:194,25,1,0
BRDA:207,26,0,0
BRDA:207,26,1,0
BRDA:209,27,0,0
BRDA:209,27,1,0
BRDA:213,28,0,0
BRDA:213,28,1,0
BRDA:214,29,0,0
BRDA:214,29,1,0
BRDA:229,30,0,2
BRDA:229,30,1,0
BRDA:264,31,0,0
BRDA:264,31,1,2
BRDA:266,32,0,1
BRDA:266,32,1,1
BRDA:270,33,0,2
BRDA:270,33,1,0
BRDA:273,34,0,0
BRDA:273,34,1,0
BRDA:309,35,0,0
BRDA:309,35,1,0
BRDA:324,36,0,0
BRDA:324,36,1,0
BRDA:348,37,0,0
BRDA:348,37,1,0
BRF:76
BRH:43
end_of_record
